/root/ros2-scheduler/ros2_ws/install/my_python_pkg/lib/python3.10/site-packages/my_python_pkg/my_python_node.py
/root/ros2-scheduler/ros2_ws/install/my_python_pkg/lib/python3.10/site-packages/my_python_pkg/subscriber.py
/root/ros2-scheduler/ros2_ws/install/my_python_pkg/lib/python3.10/site-packages/my_python_pkg/__init__.py
/root/ros2-scheduler/ros2_ws/install/my_python_pkg/lib/python3.10/site-packages/my_python_pkg/publisher_scheduled.py
/root/ros2-scheduler/ros2_ws/install/my_python_pkg/lib/python3.10/site-packages/my_python_pkg/subscriber_scheduled.py
/root/ros2-scheduler/ros2_ws/install/my_python_pkg/lib/python3.10/site-packages/my_python_pkg/my_executor.py
/root/ros2-scheduler/ros2_ws/install/my_python_pkg/lib/python3.10/site-packages/my_python_pkg/publisher.py
/root/ros2-scheduler/ros2_ws/install/my_python_pkg/lib/python3.10/site-packages/my_python_pkg/__pycache__/my_python_node.cpython-310.pyc
/root/ros2-scheduler/ros2_ws/install/my_python_pkg/lib/python3.10/site-packages/my_python_pkg/__pycache__/subscriber.cpython-310.pyc
/root/ros2-scheduler/ros2_ws/install/my_python_pkg/lib/python3.10/site-packages/my_python_pkg/__pycache__/__init__.cpython-310.pyc
/root/ros2-scheduler/ros2_ws/install/my_python_pkg/lib/python3.10/site-packages/my_python_pkg/__pycache__/publisher_scheduled.cpython-310.pyc
/root/ros2-scheduler/ros2_ws/install/my_python_pkg/lib/python3.10/site-packages/my_python_pkg/__pycache__/subscriber_scheduled.cpython-310.pyc
/root/ros2-scheduler/ros2_ws/install/my_python_pkg/lib/python3.10/site-packages/my_python_pkg/__pycache__/my_executor.cpython-310.pyc
/root/ros2-scheduler/ros2_ws/install/my_python_pkg/lib/python3.10/site-packages/my_python_pkg/__pycache__/publisher.cpython-310.pyc
/root/ros2-scheduler/ros2_ws/install/my_python_pkg/share/ament_index/resource_index/packages/my_python_pkg
/root/ros2-scheduler/ros2_ws/install/my_python_pkg/share/my_python_pkg/package.xml
/root/ros2-scheduler/ros2_ws/install/my_python_pkg/share/my_python_pkg/my_scripts_launch.py
/root/ros2-scheduler/ros2_ws/install/my_python_pkg/lib/python3.10/site-packages/my_python_pkg-0.0.0-py3.10.egg-info/top_level.txt
/root/ros2-scheduler/ros2_ws/install/my_python_pkg/lib/python3.10/site-packages/my_python_pkg-0.0.0-py3.10.egg-info/SOURCES.txt
/root/ros2-scheduler/ros2_ws/install/my_python_pkg/lib/python3.10/site-packages/my_python_pkg-0.0.0-py3.10.egg-info/entry_points.txt
/root/ros2-scheduler/ros2_ws/install/my_python_pkg/lib/python3.10/site-packages/my_python_pkg-0.0.0-py3.10.egg-info/zip-safe
/root/ros2-scheduler/ros2_ws/install/my_python_pkg/lib/python3.10/site-packages/my_python_pkg-0.0.0-py3.10.egg-info/dependency_links.txt
/root/ros2-scheduler/ros2_ws/install/my_python_pkg/lib/python3.10/site-packages/my_python_pkg-0.0.0-py3.10.egg-info/requires.txt
/root/ros2-scheduler/ros2_ws/install/my_python_pkg/lib/python3.10/site-packages/my_python_pkg-0.0.0-py3.10.egg-info/PKG-INFO
/root/ros2-scheduler/ros2_ws/install/my_python_pkg/lib/my_python_pkg/pub_sch
/root/ros2-scheduler/ros2_ws/install/my_python_pkg/lib/my_python_pkg/publisher
/root/ros2-scheduler/ros2_ws/install/my_python_pkg/lib/my_python_pkg/sub_sch
/root/ros2-scheduler/ros2_ws/install/my_python_pkg/lib/my_python_pkg/subscriber
/root/ros2-scheduler/ros2_ws/install/my_python_pkg/lib/my_python_pkg/test
