[0.661s] Invoking command in '/home/ros-scheduler/ros2_ws/src/my_python_pkg': PYTHONPATH=/home/ros-scheduler/ros2_ws/build/my_python_pkg/prefix_override:/home/ros-scheduler/ros2_ws/install/my_python_pkg/lib/python3.10/site-packages:${PYTHONPATH} /usr/bin/python3 setup.py egg_info --egg-base ../../build/my_python_pkg build --build-base /home/ros-scheduler/ros2_ws/build/my_python_pkg/build install --record /home/ros-scheduler/ros2_ws/build/my_python_pkg/install.log --single-version-externally-managed
[0.884s] running egg_info
[0.885s] writing ../../build/my_python_pkg/my_python_pkg.egg-info/PKG-INFO
[0.885s] writing dependency_links to ../../build/my_python_pkg/my_python_pkg.egg-info/dependency_links.txt
[0.885s] writing entry points to ../../build/my_python_pkg/my_python_pkg.egg-info/entry_points.txt
[0.885s] writing requirements to ../../build/my_python_pkg/my_python_pkg.egg-info/requires.txt
[0.885s] writing top-level names to ../../build/my_python_pkg/my_python_pkg.egg-info/top_level.txt
[0.886s] reading manifest file '../../build/my_python_pkg/my_python_pkg.egg-info/SOURCES.txt'
[0.887s] writing manifest file '../../build/my_python_pkg/my_python_pkg.egg-info/SOURCES.txt'
[0.888s] running build
[0.888s] running build_py
[0.888s] copying my_python_pkg/my_python_node.py -> /home/ros-scheduler/ros2_ws/build/my_python_pkg/build/lib/my_python_pkg
[0.889s] running install
[0.889s] /usr/lib/python3/dist-packages/setuptools/command/install.py:34: SetuptoolsDeprecationWarning: setup.py install is deprecated. Use build and pip and other standards-based tools.
[0.889s]   warnings.warn(
[0.889s] running install_lib
[0.890s] copying /home/ros-scheduler/ros2_ws/build/my_python_pkg/build/lib/my_python_pkg/my_python_node.py -> /home/ros-scheduler/ros2_ws/install/my_python_pkg/lib/python3.10/site-packages/my_python_pkg
[0.890s] byte-compiling /home/ros-scheduler/ros2_ws/install/my_python_pkg/lib/python3.10/site-packages/my_python_pkg/my_python_node.py to my_python_node.cpython-310.pyc
[0.890s] running install_data
[0.890s] copying package.xml -> /home/ros-scheduler/ros2_ws/install/my_python_pkg/share/my_python_pkg
[0.891s] running install_egg_info
[0.891s] removing '/home/ros-scheduler/ros2_ws/install/my_python_pkg/lib/python3.10/site-packages/my_python_pkg-0.0.0-py3.10.egg-info' (and everything under it)
[0.892s] Copying ../../build/my_python_pkg/my_python_pkg.egg-info to /home/ros-scheduler/ros2_ws/install/my_python_pkg/lib/python3.10/site-packages/my_python_pkg-0.0.0-py3.10.egg-info
[0.892s] running install_scripts
[0.912s] Installing test script to /home/ros-scheduler/ros2_ws/install/my_python_pkg/lib/my_python_pkg
[0.912s] writing list of installed files to '/home/ros-scheduler/ros2_ws/build/my_python_pkg/install.log'
[0.933s] Invoked command in '/home/ros-scheduler/ros2_ws/src/my_python_pkg' returned '0': PYTHONPATH=/home/ros-scheduler/ros2_ws/build/my_python_pkg/prefix_override:/home/ros-scheduler/ros2_ws/install/my_python_pkg/lib/python3.10/site-packages:${PYTHONPATH} /usr/bin/python3 setup.py egg_info --egg-base ../../build/my_python_pkg build --build-base /home/ros-scheduler/ros2_ws/build/my_python_pkg/build install --record /home/ros-scheduler/ros2_ws/build/my_python_pkg/install.log --single-version-externally-managed
