[0.627s] Invoking command in '/home/ros-scheduler/ros2_ws/src/my_python_pkg': PYTHONPATH=/home/ros-scheduler/ros2_ws/build/my_python_pkg/prefix_override:/home/ros-scheduler/ros2_ws/install/my_python_pkg/lib/python3.10/site-packages:${PYTHONPATH} /usr/bin/python3 setup.py egg_info --egg-base ../../build/my_python_pkg build --build-base /home/ros-scheduler/ros2_ws/build/my_python_pkg/build install --record /home/ros-scheduler/ros2_ws/build/my_python_pkg/install.log --single-version-externally-managed
[0.868s] running egg_info
[0.868s] creating ../../build/my_python_pkg/my_python_pkg.egg-info
[0.868s] writing ../../build/my_python_pkg/my_python_pkg.egg-info/PKG-INFO
[0.869s] writing dependency_links to ../../build/my_python_pkg/my_python_pkg.egg-info/dependency_links.txt
[0.869s] writing entry points to ../../build/my_python_pkg/my_python_pkg.egg-info/entry_points.txt
[0.869s] writing requirements to ../../build/my_python_pkg/my_python_pkg.egg-info/requires.txt
[0.869s] writing top-level names to ../../build/my_python_pkg/my_python_pkg.egg-info/top_level.txt
[0.870s] writing manifest file '../../build/my_python_pkg/my_python_pkg.egg-info/SOURCES.txt'
[0.870s] reading manifest file '../../build/my_python_pkg/my_python_pkg.egg-info/SOURCES.txt'
[0.871s] writing manifest file '../../build/my_python_pkg/my_python_pkg.egg-info/SOURCES.txt'
[0.871s] running build
[0.871s] running build_py
[0.872s] creating /home/ros-scheduler/ros2_ws/build/my_python_pkg/build
[0.872s] creating /home/ros-scheduler/ros2_ws/build/my_python_pkg/build/lib
[0.872s] creating /home/ros-scheduler/ros2_ws/build/my_python_pkg/build/lib/my_python_pkg
[0.873s] copying my_python_pkg/__init__.py -> /home/ros-scheduler/ros2_ws/build/my_python_pkg/build/lib/my_python_pkg
[0.873s] running install
[0.873s] /usr/lib/python3/dist-packages/setuptools/command/install.py:34: SetuptoolsDeprecationWarning: setup.py install is deprecated. Use build and pip and other standards-based tools.
[0.873s]   warnings.warn(
[0.874s] running install_lib
[0.874s] creating /home/ros-scheduler/ros2_ws/install/my_python_pkg/lib/python3.10/site-packages/my_python_pkg
[0.874s] copying /home/ros-scheduler/ros2_ws/build/my_python_pkg/build/lib/my_python_pkg/__init__.py -> /home/ros-scheduler/ros2_ws/install/my_python_pkg/lib/python3.10/site-packages/my_python_pkg
[0.874s] byte-compiling /home/ros-scheduler/ros2_ws/install/my_python_pkg/lib/python3.10/site-packages/my_python_pkg/__init__.py to __init__.cpython-310.pyc
[0.875s] running install_data
[0.875s] creating /home/ros-scheduler/ros2_ws/install/my_python_pkg/share/ament_index
[0.875s] creating /home/ros-scheduler/ros2_ws/install/my_python_pkg/share/ament_index/resource_index
[0.875s] creating /home/ros-scheduler/ros2_ws/install/my_python_pkg/share/ament_index/resource_index/packages
[0.876s] copying resource/my_python_pkg -> /home/ros-scheduler/ros2_ws/install/my_python_pkg/share/ament_index/resource_index/packages
[0.876s] copying package.xml -> /home/ros-scheduler/ros2_ws/install/my_python_pkg/share/my_python_pkg
[0.876s] running install_egg_info
[0.876s] Copying ../../build/my_python_pkg/my_python_pkg.egg-info to /home/ros-scheduler/ros2_ws/install/my_python_pkg/lib/python3.10/site-packages/my_python_pkg-0.0.0-py3.10.egg-info
[0.877s] running install_scripts
[0.895s] writing list of installed files to '/home/ros-scheduler/ros2_ws/build/my_python_pkg/install.log'
[0.915s] Invoked command in '/home/ros-scheduler/ros2_ws/src/my_python_pkg' returned '0': PYTHONPATH=/home/ros-scheduler/ros2_ws/build/my_python_pkg/prefix_override:/home/ros-scheduler/ros2_ws/install/my_python_pkg/lib/python3.10/site-packages:${PYTHONPATH} /usr/bin/python3 setup.py egg_info --egg-base ../../build/my_python_pkg build --build-base /home/ros-scheduler/ros2_ws/build/my_python_pkg/build install --record /home/ros-scheduler/ros2_ws/build/my_python_pkg/install.log --single-version-externally-managed
